  [1m[36m (0.2ms)[0m  [1mselect sqlite_version(*)[0m
  [1m[35m (2.5ms)[0m  CREATE TABLE "schema_migrations" ("version" varchar(255) NOT NULL) 
  [1m[36m (0.0ms)[0m  [1mPRAGMA index_list("schema_migrations")[0m
  [1m[35m (2.6ms)[0m  CREATE UNIQUE INDEX "unique_schema_migrations" ON "schema_migrations" ("version")
  [1m[36m (0.1ms)[0m  [1mSELECT "schema_migrations"."version" FROM "schema_migrations" [0m
Migrating to CreateBoards (20120331175851)
  [1m[35m (0.0ms)[0m  begin transaction
  [1m[36m (0.3ms)[0m  [1mCREATE TABLE "boards" ("id" INTEGER PRIMARY KEY AUTOINCREMENT NOT NULL, "name" varchar(255), "created_at" datetime NOT NULL, "updated_at" datetime NOT NULL) [0m
  [1m[35m (0.1ms)[0m  INSERT INTO "schema_migrations" ("version") VALUES ('20120331175851')
  [1m[36m (3.0ms)[0m  [1mcommit transaction[0m
Migrating to CreateSlides (20120331191342)
  [1m[35m (0.0ms)[0m  begin transaction
  [1m[36m (0.3ms)[0m  [1mCREATE TABLE "slides" ("id" INTEGER PRIMARY KEY AUTOINCREMENT NOT NULL, "board_id" integer, "position" integer, "created_at" datetime NOT NULL, "updated_at" datetime NOT NULL) [0m
  [1m[35m (0.1ms)[0m  INSERT INTO "schema_migrations" ("version") VALUES ('20120331191342')
  [1m[36m (3.0ms)[0m  [1mcommit transaction[0m
Migrating to AddLayoutNameToSlides (20120331210638)
  [1m[35m (0.0ms)[0m  begin transaction
  [1m[36m (0.3ms)[0m  [1mALTER TABLE "slides" ADD "layout_name" varchar(255)[0m
  [1m[35m (0.1ms)[0m  INSERT INTO "schema_migrations" ("version") VALUES ('20120331210638')
  [1m[36m (2.5ms)[0m  [1mcommit transaction[0m
Migrating to CreatePerspectiveAssignments (20120331221005)
  [1m[35m (0.0ms)[0m  begin transaction
  [1m[36m (0.3ms)[0m  [1mCREATE TABLE "perspective_assignments" ("id" INTEGER PRIMARY KEY AUTOINCREMENT NOT NULL, "slide_id" integer, "source_name" varchar(255), "perspective_name" varchar(255), "created_at" datetime NOT NULL, "updated_at" datetime NOT NULL) [0m
  [1m[35m (0.1ms)[0m  INSERT INTO "schema_migrations" ("version") VALUES ('20120331221005')
  [1m[36m (3.0ms)[0m  [1mcommit transaction[0m
Migrating to AddPositionToPerspectiveAssignments (20120401174620)
  [1m[35m (0.0ms)[0m  begin transaction
  [1m[36m (0.3ms)[0m  [1mALTER TABLE "perspective_assignments" ADD "position" integer[0m
  [1m[35m (0.1ms)[0m  INSERT INTO "schema_migrations" ("version") VALUES ('20120401174620')
  [1m[36m (2.4ms)[0m  [1mcommit transaction[0m
Migrating to CreateConfiguredAttributes (20120401222233)
  [1m[35m (0.0ms)[0m  begin transaction
  [1m[36m (0.3ms)[0m  [1mCREATE TABLE "configured_attributes" ("id" INTEGER PRIMARY KEY AUTOINCREMENT NOT NULL, "source_name" varchar(255), "name" varchar(255), "value" varchar(255), "created_at" datetime NOT NULL, "updated_at" datetime NOT NULL) [0m
  [1m[35m (0.1ms)[0m  INSERT INTO "schema_migrations" ("version") VALUES ('20120401222233')
  [1m[36m (3.0ms)[0m  [1mcommit transaction[0m
  [1m[35m (0.2ms)[0m  select sqlite_version(*)
  [1m[36m (0.1ms)[0m  [1mSELECT "schema_migrations"."version" FROM "schema_migrations" [0m
  [1m[35m (0.0ms)[0m  PRAGMA index_list("boards")
  [1m[36m (0.0ms)[0m  [1mPRAGMA index_list("configured_attributes")[0m
  [1m[35m (0.0ms)[0m  PRAGMA index_list("perspective_assignments")
  [1m[36m (0.0ms)[0m  [1mPRAGMA index_list("slides")[0m
  [1m[36m (0.1ms)[0m  [1mselect sqlite_version(*)[0m
  [1m[35m (49.3ms)[0m  CREATE TABLE "schema_migrations" ("version" varchar(255) NOT NULL) 
  [1m[36m (0.1ms)[0m  [1mPRAGMA index_list("schema_migrations")[0m
  [1m[35m (3.1ms)[0m  CREATE UNIQUE INDEX "unique_schema_migrations" ON "schema_migrations" ("version")
  [1m[36m (0.1ms)[0m  [1mSELECT "schema_migrations"."version" FROM "schema_migrations" [0m
Migrating to CreateAllAboardBoards (20120331175851)
  [1m[35m (0.1ms)[0m  begin transaction
  [1m[36m (0.1ms)[0m  [1mrollback transaction[0m
  [1m[36m (0.1ms)[0m  [1mSELECT "schema_migrations"."version" FROM "schema_migrations" [0m
Migrating to CreateAllAboardBoards (20120331175851)
  [1m[35m (0.0ms)[0m  select sqlite_version(*)
  [1m[36m (0.0ms)[0m  [1mbegin transaction[0m
  [1m[35m (0.4ms)[0m  CREATE TABLE "all_aboard_boards" ("id" INTEGER PRIMARY KEY AUTOINCREMENT NOT NULL, "name" varchar(255), "created_at" datetime NOT NULL, "updated_at" datetime NOT NULL) 
  [1m[36m (0.1ms)[0m  [1mINSERT INTO "schema_migrations" ("version") VALUES ('20120331175851')[0m
  [1m[35m (48.3ms)[0m  commit transaction
Migrating to CreateAllAboardSlides (20120331191342)
  [1m[36m (0.1ms)[0m  [1mbegin transaction[0m
  [1m[35m (0.5ms)[0m  CREATE TABLE "all_aboard_slides" ("id" INTEGER PRIMARY KEY AUTOINCREMENT NOT NULL, "board_id" integer, "position" integer, "created_at" datetime NOT NULL, "updated_at" datetime NOT NULL) 
  [1m[36m (0.2ms)[0m  [1mINSERT INTO "schema_migrations" ("version") VALUES ('20120331191342')[0m
  [1m[35m (2.8ms)[0m  commit transaction
Migrating to AddLayoutNameToAllAboardSlides (20120331210638)
  [1m[36m (0.0ms)[0m  [1mbegin transaction[0m
  [1m[35m (0.3ms)[0m  ALTER TABLE "all_aboard_slides" ADD "layout_name" varchar(255)
  [1m[36m (0.1ms)[0m  [1mINSERT INTO "schema_migrations" ("version") VALUES ('20120331210638')[0m
  [1m[35m (2.7ms)[0m  commit transaction
Migrating to CreateAllAboardPerspectiveAssignments (20120331221005)
  [1m[36m (0.0ms)[0m  [1mbegin transaction[0m
  [1m[35m (0.3ms)[0m  CREATE TABLE "all_aboard_perspective_assignments" ("id" INTEGER PRIMARY KEY AUTOINCREMENT NOT NULL, "slide_id" integer, "source_name" varchar(255), "perspective_name" varchar(255), "created_at" datetime NOT NULL, "updated_at" datetime NOT NULL) 
  [1m[36m (0.1ms)[0m  [1mINSERT INTO "schema_migrations" ("version") VALUES ('20120331221005')[0m
  [1m[35m (4.0ms)[0m  commit transaction
Migrating to AddPositionToAllAboardPerspectiveAssignments (20120401174620)
  [1m[36m (0.4ms)[0m  [1mbegin transaction[0m
  [1m[35m (0.3ms)[0m  ALTER TABLE "all_aboard_perspective_assignments" ADD "position" integer
  [1m[36m (0.1ms)[0m  [1mINSERT INTO "schema_migrations" ("version") VALUES ('20120401174620')[0m
  [1m[35m (3.8ms)[0m  commit transaction
Migrating to CreateAllAboardConfiguredAttributes (20120401222233)
  [1m[36m (0.0ms)[0m  [1mbegin transaction[0m
  [1m[35m (0.4ms)[0m  CREATE TABLE "all_aboard_configured_attributes" ("id" INTEGER PRIMARY KEY AUTOINCREMENT NOT NULL, "source_name" varchar(255), "name" varchar(255), "value" varchar(255), "created_at" datetime NOT NULL, "updated_at" datetime NOT NULL) 
  [1m[36m (0.1ms)[0m  [1mINSERT INTO "schema_migrations" ("version") VALUES ('20120401222233')[0m
  [1m[35m (3.0ms)[0m  commit transaction
  [1m[36m (0.2ms)[0m  [1mselect sqlite_version(*)[0m
  [1m[35m (0.1ms)[0m  SELECT "schema_migrations"."version" FROM "schema_migrations" 
  [1m[36m (0.0ms)[0m  [1mPRAGMA index_list("all_aboard_boards")[0m
  [1m[35m (0.0ms)[0m  PRAGMA index_list("all_aboard_configured_attributes")
  [1m[36m (0.0ms)[0m  [1mPRAGMA index_list("all_aboard_perspective_assignments")[0m
  [1m[35m (0.0ms)[0m  PRAGMA index_list("all_aboard_slides")
